<?xml version="1.0" encoding="UTF-8"?>
<!-- Generated by org.testng.reporters.JUnitReportReporter -->
<testsuite hostname="VINSYSLT0170" failures="0" tests="1" name="com.Test.amazon_login_test" time="5.135" errors="0" timestamp="2023-01-11T12:02:17 IST" skipped="0">
  <testcase classname="com.Test.amazon_login_test" name="amzon_launch" time="5.135"/>
  <system-out/>
</testsuite> <!-- com.Test.amazon_login_test -->
