<?xml version="1.0" encoding="UTF-8"?>
<!-- Generated by org.testng.reporters.JUnitReportReporter -->
<testsuite hostname="VINSYSLT0170" failures="0" tests="1" name="com.Test.jbk_login_test" time="6.685" errors="0" timestamp="2023-02-10T18:49:18 IST" skipped="0">
  <testcase classname="com.Test.jbk_login_test" name="jbk_launch" time="6.685"/>
  <system-out/>
</testsuite> <!-- com.Test.jbk_login_test -->
