<?xml version="1.0" encoding="UTF-8"?>
<!-- Generated by org.testng.reporters.JUnitReportReporter -->
<testsuite hostname="VINSYSLT0170" failures="0" tests="1" name="com.Test.extent_report" time="6.098" errors="0" timestamp="2023-01-17T16:15:23 IST" skipped="0">
  <testcase classname="com.Test.extent_report" name="extentReportsDemo" time="6.098"/>
  <system-out/>
</testsuite> <!-- com.Test.extent_report -->
