<?xml version="1.0" encoding="UTF-8"?>
<!-- Generated by org.testng.reporters.JUnitReportReporter -->
<testsuite hostname="VINSYSLT0170" failures="0" tests="1" name="com.Test.extent_report" time="10.032" errors="0" timestamp="2023-02-21T15:54:02 IST" skipped="0">
  <testcase classname="com.Test.extent_report" name="extentReportsDemo" time="10.032"/>
  <system-out/>
</testsuite> <!-- com.Test.extent_report -->
