<?xml version="1.0" encoding="UTF-8"?>
<!-- Generated by org.testng.reporters.JUnitReportReporter -->
<testsuite hostname="VINSYSLT0170" failures="0" tests="1" name="com.Test.jbk_login_test" time="9.656" errors="0" timestamp="2023-01-17T16:20:51 IST" skipped="0">
  <testcase classname="com.Test.jbk_login_test" name="jbk_launch" time="9.656"/>
  <system-out/>
</testsuite> <!-- com.Test.jbk_login_test -->
