<?xml version="1.0" encoding="UTF-8"?>
<!-- Generated by org.testng.reporters.JUnitReportReporter -->
<testsuite hostname="VINSYSLT0170" failures="0" tests="1" name="com.Test.amazon_login_test" time="15.380" errors="0" timestamp="2023-01-16T18:43:36 IST" skipped="0">
  <testcase classname="com.Test.amazon_login_test" name="amzon_launch" time="15.380"/>
  <system-out/>
</testsuite> <!-- com.Test.amazon_login_test -->
