<?xml version="1.0" encoding="UTF-8"?>
<!-- Generated by org.testng.reporters.JUnitReportReporter -->
<testsuite hostname="VINSYSLT0170" failures="0" tests="1" name="com.Test.jbk_login_test" time="7.766" errors="0" timestamp="2023-02-21T15:55:27 IST" skipped="0">
  <testcase classname="com.Test.jbk_login_test" name="jbk_launch" time="7.766"/>
  <system-out/>
</testsuite> <!-- com.Test.jbk_login_test -->
