<?xml version="1.0" encoding="UTF-8"?>
<!-- Generated by org.testng.reporters.JUnitReportReporter -->
<testsuite hostname="VINSYSLT0170" failures="0" tests="1" name="com.Test.registerNewMember_Test" time="0.331" errors="0" timestamp="2022-12-15T17:52:50 IST" skipped="0">
  <testcase classname="com.Test.registerNewMember_Test" name="Register_member" time="0.331"/>
  <system-out/>
</testsuite> <!-- com.Test.registerNewMember_Test -->
