<?xml version="1.0" encoding="UTF-8"?>
<!-- Generated by org.testng.reporters.JUnitReportReporter -->
<testsuite hostname="VINSYSLT0170" failures="0" tests="1" name="com.Test.extent_report" time="5.909" errors="0" timestamp="2023-02-10T18:57:08 IST" skipped="0">
  <testcase classname="com.Test.extent_report" name="extentReportsDemo" time="5.909"/>
  <system-out/>
</testsuite> <!-- com.Test.extent_report -->
