<?xml version="1.0" encoding="UTF-8"?>
<!-- Generated by org.testng.reporters.JUnitReportReporter -->
<testsuite hostname="VINSYSLT0170" failures="0" tests="1" name="com.Test.amazon_login_test" time="12.066" errors="0" timestamp="2023-02-21T17:26:37 IST" skipped="0">
  <testcase classname="com.Test.amazon_login_test" name="amzon_launch" time="12.066"/>
  <system-out/>
</testsuite> <!-- com.Test.amazon_login_test -->
